  [1m[36m (32.0ms)[0m  [1mCREATE TABLE "schema_migrations" ("version" character varying NOT NULL) [0m
  [1m[35m (1.1ms)[0m  CREATE UNIQUE INDEX  "unique_schema_migrations" ON "schema_migrations"  ("version")
  [1m[36mActiveRecord::SchemaMigration Load (0.2ms)[0m  [1mSELECT "schema_migrations".* FROM "schema_migrations"[0m
Migrating to CreateCustomersTable (20150416220149)
  [1m[35m (0.1ms)[0m  BEGIN
  [1m[36m (27.3ms)[0m  [1mCREATE TABLE "customers_tables" ("id" serial primary key, "email" character varying) [0m
  [1m[35mSQL (6.3ms)[0m  INSERT INTO "schema_migrations" ("version") VALUES ($1)  [["version", "20150416220149"]]
  [1m[36m (6.2ms)[0m  [1mCOMMIT[0m
  [1m[35mActiveRecord::SchemaMigration Load (5.9ms)[0m  SELECT "schema_migrations".* FROM "schema_migrations"
  [1m[36m (1.9ms)[0m  [1mSELECT t2.oid::regclass::text AS to_table, a1.attname AS column, a2.attname AS primary_key, c.conname AS name, c.confupdtype AS on_update, c.confdeltype AS on_delete
FROM pg_constraint c
JOIN pg_class t1 ON c.conrelid = t1.oid
JOIN pg_class t2 ON c.confrelid = t2.oid
JOIN pg_attribute a1 ON a1.attnum = c.conkey[1] AND a1.attrelid = t1.oid
JOIN pg_attribute a2 ON a2.attnum = c.confkey[1] AND a2.attrelid = t2.oid
JOIN pg_namespace t3 ON c.connamespace = t3.oid
WHERE c.contype = 'f'
  AND t1.relname = 'customers_tables'
  AND t3.nspname = ANY (current_schemas(false))
ORDER BY c.conname
[0m
  [1m[36mActiveRecord::SchemaMigration Load (0.5ms)[0m  [1mSELECT "schema_migrations".* FROM "schema_migrations"[0m
Migrating to CreateOrdersTable (20150416220337)
  [1m[35m (0.1ms)[0m  BEGIN
  [1m[36m (17.5ms)[0m  [1mCREATE TABLE "orders_tables" ("id" serial primary key, "number" character varying, "customer_id" integer) [0m
  [1m[35mSQL (0.2ms)[0m  INSERT INTO "schema_migrations" ("version") VALUES ($1)  [["version", "20150416220337"]]
  [1m[36m (6.8ms)[0m  [1mCOMMIT[0m
  [1m[35mActiveRecord::SchemaMigration Load (0.2ms)[0m  SELECT "schema_migrations".* FROM "schema_migrations"
  [1m[36m (3.4ms)[0m  [1mSELECT t2.oid::regclass::text AS to_table, a1.attname AS column, a2.attname AS primary_key, c.conname AS name, c.confupdtype AS on_update, c.confdeltype AS on_delete
FROM pg_constraint c
JOIN pg_class t1 ON c.conrelid = t1.oid
JOIN pg_class t2 ON c.confrelid = t2.oid
JOIN pg_attribute a1 ON a1.attnum = c.conkey[1] AND a1.attrelid = t1.oid
JOIN pg_attribute a2 ON a2.attnum = c.confkey[1] AND a2.attrelid = t2.oid
JOIN pg_namespace t3 ON c.connamespace = t3.oid
WHERE c.contype = 'f'
  AND t1.relname = 'customers_tables'
  AND t3.nspname = ANY (current_schemas(false))
ORDER BY c.conname
[0m
  [1m[35m (1.8ms)[0m  SELECT t2.oid::regclass::text AS to_table, a1.attname AS column, a2.attname AS primary_key, c.conname AS name, c.confupdtype AS on_update, c.confdeltype AS on_delete
FROM pg_constraint c
JOIN pg_class t1 ON c.conrelid = t1.oid
JOIN pg_class t2 ON c.confrelid = t2.oid
JOIN pg_attribute a1 ON a1.attnum = c.conkey[1] AND a1.attrelid = t1.oid
JOIN pg_attribute a2 ON a2.attnum = c.confkey[1] AND a2.attrelid = t2.oid
JOIN pg_namespace t3 ON c.connamespace = t3.oid
WHERE c.contype = 'f'
  AND t1.relname = 'orders_tables'
  AND t3.nspname = ANY (current_schemas(false))
ORDER BY c.conname

  [1m[36mActiveRecord::SchemaMigration Load (0.2ms)[0m  [1mSELECT "schema_migrations".* FROM "schema_migrations"[0m
Migrating to CreateNotesTable (20150416231633)
  [1m[35m (0.1ms)[0m  BEGIN
  [1m[36m (3.9ms)[0m  [1mCREATE TABLE "notes_tables" ("id" serial primary key, "message" character varying, "order_id" integer) [0m
  [1m[35mSQL (0.2ms)[0m  INSERT INTO "schema_migrations" ("version") VALUES ($1)  [["version", "20150416231633"]]
  [1m[36m (0.5ms)[0m  [1mCOMMIT[0m
  [1m[35mActiveRecord::SchemaMigration Load (0.1ms)[0m  SELECT "schema_migrations".* FROM "schema_migrations"
  [1m[36m (1.5ms)[0m  [1mSELECT t2.oid::regclass::text AS to_table, a1.attname AS column, a2.attname AS primary_key, c.conname AS name, c.confupdtype AS on_update, c.confdeltype AS on_delete
FROM pg_constraint c
JOIN pg_class t1 ON c.conrelid = t1.oid
JOIN pg_class t2 ON c.confrelid = t2.oid
JOIN pg_attribute a1 ON a1.attnum = c.conkey[1] AND a1.attrelid = t1.oid
JOIN pg_attribute a2 ON a2.attnum = c.confkey[1] AND a2.attrelid = t2.oid
JOIN pg_namespace t3 ON c.connamespace = t3.oid
WHERE c.contype = 'f'
  AND t1.relname = 'customers_tables'
  AND t3.nspname = ANY (current_schemas(false))
ORDER BY c.conname
[0m
  [1m[35m (1.1ms)[0m  SELECT t2.oid::regclass::text AS to_table, a1.attname AS column, a2.attname AS primary_key, c.conname AS name, c.confupdtype AS on_update, c.confdeltype AS on_delete
FROM pg_constraint c
JOIN pg_class t1 ON c.conrelid = t1.oid
JOIN pg_class t2 ON c.confrelid = t2.oid
JOIN pg_attribute a1 ON a1.attnum = c.conkey[1] AND a1.attrelid = t1.oid
JOIN pg_attribute a2 ON a2.attnum = c.confkey[1] AND a2.attrelid = t2.oid
JOIN pg_namespace t3 ON c.connamespace = t3.oid
WHERE c.contype = 'f'
  AND t1.relname = 'notes_tables'
  AND t3.nspname = ANY (current_schemas(false))
ORDER BY c.conname

  [1m[36m (1.1ms)[0m  [1mSELECT t2.oid::regclass::text AS to_table, a1.attname AS column, a2.attname AS primary_key, c.conname AS name, c.confupdtype AS on_update, c.confdeltype AS on_delete
FROM pg_constraint c
JOIN pg_class t1 ON c.conrelid = t1.oid
JOIN pg_class t2 ON c.confrelid = t2.oid
JOIN pg_attribute a1 ON a1.attnum = c.conkey[1] AND a1.attrelid = t1.oid
JOIN pg_attribute a2 ON a2.attnum = c.confkey[1] AND a2.attrelid = t2.oid
JOIN pg_namespace t3 ON c.connamespace = t3.oid
WHERE c.contype = 'f'
  AND t1.relname = 'orders_tables'
  AND t3.nspname = ANY (current_schemas(false))
ORDER BY c.conname
[0m
  [1m[36mActiveRecord::SchemaMigration Load (0.8ms)[0m  [1mSELECT "schema_migrations".* FROM "schema_migrations"[0m
  [1m[35mActiveRecord::SchemaMigration Load (0.1ms)[0m  SELECT "schema_migrations".* FROM "schema_migrations"
  [1m[36m (1.8ms)[0m  [1mSELECT t2.oid::regclass::text AS to_table, a1.attname AS column, a2.attname AS primary_key, c.conname AS name, c.confupdtype AS on_update, c.confdeltype AS on_delete
FROM pg_constraint c
JOIN pg_class t1 ON c.conrelid = t1.oid
JOIN pg_class t2 ON c.confrelid = t2.oid
JOIN pg_attribute a1 ON a1.attnum = c.conkey[1] AND a1.attrelid = t1.oid
JOIN pg_attribute a2 ON a2.attnum = c.confkey[1] AND a2.attrelid = t2.oid
JOIN pg_namespace t3 ON c.connamespace = t3.oid
WHERE c.contype = 'f'
  AND t1.relname = 'customers_tables'
  AND t3.nspname = ANY (current_schemas(false))
ORDER BY c.conname
[0m
  [1m[35m (1.3ms)[0m  SELECT t2.oid::regclass::text AS to_table, a1.attname AS column, a2.attname AS primary_key, c.conname AS name, c.confupdtype AS on_update, c.confdeltype AS on_delete
FROM pg_constraint c
JOIN pg_class t1 ON c.conrelid = t1.oid
JOIN pg_class t2 ON c.confrelid = t2.oid
JOIN pg_attribute a1 ON a1.attnum = c.conkey[1] AND a1.attrelid = t1.oid
JOIN pg_attribute a2 ON a2.attnum = c.confkey[1] AND a2.attrelid = t2.oid
JOIN pg_namespace t3 ON c.connamespace = t3.oid
WHERE c.contype = 'f'
  AND t1.relname = 'notes_tables'
  AND t3.nspname = ANY (current_schemas(false))
ORDER BY c.conname

  [1m[36m (1.2ms)[0m  [1mSELECT t2.oid::regclass::text AS to_table, a1.attname AS column, a2.attname AS primary_key, c.conname AS name, c.confupdtype AS on_update, c.confdeltype AS on_delete
FROM pg_constraint c
JOIN pg_class t1 ON c.conrelid = t1.oid
JOIN pg_class t2 ON c.confrelid = t2.oid
JOIN pg_attribute a1 ON a1.attnum = c.conkey[1] AND a1.attrelid = t1.oid
JOIN pg_attribute a2 ON a2.attnum = c.confkey[1] AND a2.attrelid = t2.oid
JOIN pg_namespace t3 ON c.connamespace = t3.oid
WHERE c.contype = 'f'
  AND t1.relname = 'orders_tables'
  AND t3.nspname = ANY (current_schemas(false))
ORDER BY c.conname
[0m
  [1m[36mCustomer Load (0.6ms)[0m  [1mSELECT "customers".* FROM "customers"[0m
PG::UndefinedTable: ERROR:  relation "customers" does not exist
LINE 1: SELECT "customers".* FROM "customers"
                                  ^
: SELECT "customers".* FROM "customers"
  [1m[36mActiveRecord::SchemaMigration Load (0.5ms)[0m  [1mSELECT "schema_migrations".* FROM "schema_migrations"[0m
Migrating to ChangeTableNameCustomer (20150416234234)
  [1m[35m (0.1ms)[0m  BEGIN
  [1m[36m (12.4ms)[0m  [1mALTER TABLE "customers_tables" RENAME TO "customers"[0m
  [1m[35m (0.2ms)[0m  ALTER TABLE "public"."customers_tables_id_seq" RENAME TO "customers_id_seq"
  [1m[36m (0.2ms)[0m  [1mALTER INDEX "customers_tables_pkey" RENAME TO "customers_pkey"[0m
  [1m[35mSQL (0.2ms)[0m  INSERT INTO "schema_migrations" ("version") VALUES ($1)  [["version", "20150416234234"]]
  [1m[36m (6.6ms)[0m  [1mCOMMIT[0m
  [1m[35mActiveRecord::SchemaMigration Load (0.2ms)[0m  SELECT "schema_migrations".* FROM "schema_migrations"
  [1m[36m (1.8ms)[0m  [1mSELECT t2.oid::regclass::text AS to_table, a1.attname AS column, a2.attname AS primary_key, c.conname AS name, c.confupdtype AS on_update, c.confdeltype AS on_delete
FROM pg_constraint c
JOIN pg_class t1 ON c.conrelid = t1.oid
JOIN pg_class t2 ON c.confrelid = t2.oid
JOIN pg_attribute a1 ON a1.attnum = c.conkey[1] AND a1.attrelid = t1.oid
JOIN pg_attribute a2 ON a2.attnum = c.confkey[1] AND a2.attrelid = t2.oid
JOIN pg_namespace t3 ON c.connamespace = t3.oid
WHERE c.contype = 'f'
  AND t1.relname = 'customers'
  AND t3.nspname = ANY (current_schemas(false))
ORDER BY c.conname
[0m
  [1m[35m (1.4ms)[0m  SELECT t2.oid::regclass::text AS to_table, a1.attname AS column, a2.attname AS primary_key, c.conname AS name, c.confupdtype AS on_update, c.confdeltype AS on_delete
FROM pg_constraint c
JOIN pg_class t1 ON c.conrelid = t1.oid
JOIN pg_class t2 ON c.confrelid = t2.oid
JOIN pg_attribute a1 ON a1.attnum = c.conkey[1] AND a1.attrelid = t1.oid
JOIN pg_attribute a2 ON a2.attnum = c.confkey[1] AND a2.attrelid = t2.oid
JOIN pg_namespace t3 ON c.connamespace = t3.oid
WHERE c.contype = 'f'
  AND t1.relname = 'notes_tables'
  AND t3.nspname = ANY (current_schemas(false))
ORDER BY c.conname

  [1m[36m (1.3ms)[0m  [1mSELECT t2.oid::regclass::text AS to_table, a1.attname AS column, a2.attname AS primary_key, c.conname AS name, c.confupdtype AS on_update, c.confdeltype AS on_delete
FROM pg_constraint c
JOIN pg_class t1 ON c.conrelid = t1.oid
JOIN pg_class t2 ON c.confrelid = t2.oid
JOIN pg_attribute a1 ON a1.attnum = c.conkey[1] AND a1.attrelid = t1.oid
JOIN pg_attribute a2 ON a2.attnum = c.confkey[1] AND a2.attrelid = t2.oid
JOIN pg_namespace t3 ON c.connamespace = t3.oid
WHERE c.contype = 'f'
  AND t1.relname = 'orders_tables'
  AND t3.nspname = ANY (current_schemas(false))
ORDER BY c.conname
[0m
  [1m[36mActiveRecord::SchemaMigration Load (0.2ms)[0m  [1mSELECT "schema_migrations".* FROM "schema_migrations"[0m
Migrating to ChangeTableNameOrder (20150416234409)
  [1m[35m (0.1ms)[0m  BEGIN
  [1m[36m (0.3ms)[0m  [1mALTER TABLE "orders_tables" RENAME TO "orders"[0m
  [1m[35m (0.1ms)[0m  ALTER TABLE "public"."orders_tables_id_seq" RENAME TO "orders_id_seq"
  [1m[36m (0.1ms)[0m  [1mALTER INDEX "orders_tables_pkey" RENAME TO "orders_pkey"[0m
  [1m[35mSQL (0.2ms)[0m  INSERT INTO "schema_migrations" ("version") VALUES ($1)  [["version", "20150416234409"]]
  [1m[36m (0.4ms)[0m  [1mCOMMIT[0m
  [1m[35mActiveRecord::SchemaMigration Load (0.1ms)[0m  SELECT "schema_migrations".* FROM "schema_migrations"
  [1m[36m (1.6ms)[0m  [1mSELECT t2.oid::regclass::text AS to_table, a1.attname AS column, a2.attname AS primary_key, c.conname AS name, c.confupdtype AS on_update, c.confdeltype AS on_delete
FROM pg_constraint c
JOIN pg_class t1 ON c.conrelid = t1.oid
JOIN pg_class t2 ON c.confrelid = t2.oid
JOIN pg_attribute a1 ON a1.attnum = c.conkey[1] AND a1.attrelid = t1.oid
JOIN pg_attribute a2 ON a2.attnum = c.confkey[1] AND a2.attrelid = t2.oid
JOIN pg_namespace t3 ON c.connamespace = t3.oid
WHERE c.contype = 'f'
  AND t1.relname = 'customers'
  AND t3.nspname = ANY (current_schemas(false))
ORDER BY c.conname
[0m
  [1m[35m (1.2ms)[0m  SELECT t2.oid::regclass::text AS to_table, a1.attname AS column, a2.attname AS primary_key, c.conname AS name, c.confupdtype AS on_update, c.confdeltype AS on_delete
FROM pg_constraint c
JOIN pg_class t1 ON c.conrelid = t1.oid
JOIN pg_class t2 ON c.confrelid = t2.oid
JOIN pg_attribute a1 ON a1.attnum = c.conkey[1] AND a1.attrelid = t1.oid
JOIN pg_attribute a2 ON a2.attnum = c.confkey[1] AND a2.attrelid = t2.oid
JOIN pg_namespace t3 ON c.connamespace = t3.oid
WHERE c.contype = 'f'
  AND t1.relname = 'notes_tables'
  AND t3.nspname = ANY (current_schemas(false))
ORDER BY c.conname

  [1m[36m (1.1ms)[0m  [1mSELECT t2.oid::regclass::text AS to_table, a1.attname AS column, a2.attname AS primary_key, c.conname AS name, c.confupdtype AS on_update, c.confdeltype AS on_delete
FROM pg_constraint c
JOIN pg_class t1 ON c.conrelid = t1.oid
JOIN pg_class t2 ON c.confrelid = t2.oid
JOIN pg_attribute a1 ON a1.attnum = c.conkey[1] AND a1.attrelid = t1.oid
JOIN pg_attribute a2 ON a2.attnum = c.confkey[1] AND a2.attrelid = t2.oid
JOIN pg_namespace t3 ON c.connamespace = t3.oid
WHERE c.contype = 'f'
  AND t1.relname = 'orders'
  AND t3.nspname = ANY (current_schemas(false))
ORDER BY c.conname
[0m
  [1m[36mActiveRecord::SchemaMigration Load (0.2ms)[0m  [1mSELECT "schema_migrations".* FROM "schema_migrations"[0m
Migrating to ChangeTableNameNote (20150416234509)
  [1m[35m (0.1ms)[0m  BEGIN
  [1m[36m (0.4ms)[0m  [1mALTER TABLE "notes_tables" RENAME TO "notes"[0m
  [1m[35m (0.2ms)[0m  ALTER TABLE "public"."notes_tables_id_seq" RENAME TO "notes_id_seq"
  [1m[36m (0.2ms)[0m  [1mALTER INDEX "notes_tables_pkey" RENAME TO "notes_pkey"[0m
  [1m[35mSQL (0.2ms)[0m  INSERT INTO "schema_migrations" ("version") VALUES ($1)  [["version", "20150416234509"]]
  [1m[36m (1.3ms)[0m  [1mCOMMIT[0m
  [1m[35mActiveRecord::SchemaMigration Load (0.1ms)[0m  SELECT "schema_migrations".* FROM "schema_migrations"
  [1m[36m (1.7ms)[0m  [1mSELECT t2.oid::regclass::text AS to_table, a1.attname AS column, a2.attname AS primary_key, c.conname AS name, c.confupdtype AS on_update, c.confdeltype AS on_delete
FROM pg_constraint c
JOIN pg_class t1 ON c.conrelid = t1.oid
JOIN pg_class t2 ON c.confrelid = t2.oid
JOIN pg_attribute a1 ON a1.attnum = c.conkey[1] AND a1.attrelid = t1.oid
JOIN pg_attribute a2 ON a2.attnum = c.confkey[1] AND a2.attrelid = t2.oid
JOIN pg_namespace t3 ON c.connamespace = t3.oid
WHERE c.contype = 'f'
  AND t1.relname = 'customers'
  AND t3.nspname = ANY (current_schemas(false))
ORDER BY c.conname
[0m
  [1m[35m (1.3ms)[0m  SELECT t2.oid::regclass::text AS to_table, a1.attname AS column, a2.attname AS primary_key, c.conname AS name, c.confupdtype AS on_update, c.confdeltype AS on_delete
FROM pg_constraint c
JOIN pg_class t1 ON c.conrelid = t1.oid
JOIN pg_class t2 ON c.confrelid = t2.oid
JOIN pg_attribute a1 ON a1.attnum = c.conkey[1] AND a1.attrelid = t1.oid
JOIN pg_attribute a2 ON a2.attnum = c.confkey[1] AND a2.attrelid = t2.oid
JOIN pg_namespace t3 ON c.connamespace = t3.oid
WHERE c.contype = 'f'
  AND t1.relname = 'notes'
  AND t3.nspname = ANY (current_schemas(false))
ORDER BY c.conname

  [1m[36m (1.3ms)[0m  [1mSELECT t2.oid::regclass::text AS to_table, a1.attname AS column, a2.attname AS primary_key, c.conname AS name, c.confupdtype AS on_update, c.confdeltype AS on_delete
FROM pg_constraint c
JOIN pg_class t1 ON c.conrelid = t1.oid
JOIN pg_class t2 ON c.confrelid = t2.oid
JOIN pg_attribute a1 ON a1.attnum = c.conkey[1] AND a1.attrelid = t1.oid
JOIN pg_attribute a2 ON a2.attnum = c.confkey[1] AND a2.attrelid = t2.oid
JOIN pg_namespace t3 ON c.connamespace = t3.oid
WHERE c.contype = 'f'
  AND t1.relname = 'orders'
  AND t3.nspname = ANY (current_schemas(false))
ORDER BY c.conname
[0m
  [1m[36mOrder Load (2.2ms)[0m  [1mSELECT "orders".* FROM "orders"[0m
  [1m[36mActiveRecord::SchemaMigration Load (0.5ms)[0m  [1mSELECT "schema_migrations".* FROM "schema_migrations"[0m
  [1m[35m (0.2ms)[0m  BEGIN
  [1m[36mSQL (13.2ms)[0m  [1mINSERT INTO "customers" ("email") VALUES ($1) RETURNING "id"[0m  [["email", "hello@hello.com"]]
  [1m[35m (6.5ms)[0m  COMMIT
  [1m[36m (0.1ms)[0m  [1mBEGIN[0m
  [1m[35mSQL (0.3ms)[0m  INSERT INTO "customers" ("email") VALUES ($1) RETURNING "id"  [["email", "byebye@hello.com"]]
  [1m[36m (5.1ms)[0m  [1mCOMMIT[0m
  [1m[35m (0.1ms)[0m  BEGIN
  [1m[36mSQL (0.2ms)[0m  [1mINSERT INTO "customers" ("email") VALUES ($1) RETURNING "id"[0m  [["email", "weee@hello.com"]]
  [1m[35m (0.4ms)[0m  COMMIT
  [1m[36m (0.1ms)[0m  [1mBEGIN[0m
  [1m[35mSQL (8.3ms)[0m  INSERT INTO "notes" ("message", "order_id") VALUES ($1, $2) RETURNING "id"  [["message", "hello hello heoihfheofef eihfief "], ["order_id", 1]]
  [1m[36m (5.9ms)[0m  [1mCOMMIT[0m
  [1m[35m (0.1ms)[0m  BEGIN
  [1m[36mSQL (0.3ms)[0m  [1mINSERT INTO "notes" ("message", "order_id") VALUES ($1, $2) RETURNING "id"[0m  [["message", "hello hello heoihfheofef eihfief "], ["order_id", 2]]
  [1m[35m (5.1ms)[0m  COMMIT
  [1m[36m (0.1ms)[0m  [1mBEGIN[0m
  [1m[35mSQL (0.2ms)[0m  INSERT INTO "notes" ("message", "order_id") VALUES ($1, $2) RETURNING "id"  [["message", "hello hello heoihfheofef eihfief "], ["order_id", 3]]
  [1m[36m (0.4ms)[0m  [1mCOMMIT[0m
  [1m[35m (0.1ms)[0m  BEGIN
  [1m[36mSQL (0.2ms)[0m  [1mINSERT INTO "notes" ("message", "order_id") VALUES ($1, $2) RETURNING "id"[0m  [["message", "hello hello heoihfheofef eihfief "], ["order_id", 4]]
  [1m[35m (0.3ms)[0m  COMMIT
  [1m[36m (0.1ms)[0m  [1mBEGIN[0m
  [1m[35mSQL (0.1ms)[0m  INSERT INTO "notes" ("message", "order_id") VALUES ($1, $2) RETURNING "id"  [["message", "hello hello heoihfheofef eihfief "], ["order_id", 5]]
  [1m[36m (0.2ms)[0m  [1mCOMMIT[0m
  [1m[35m (0.1ms)[0m  BEGIN
  [1m[36mSQL (6.5ms)[0m  [1mINSERT INTO "orders" ("number", "customer_id") VALUES ($1, $2) RETURNING "id"[0m  [["number", "2i3h"], ["customer_id", 1]]
  [1m[35m (6.4ms)[0m  COMMIT
  [1m[36m (0.1ms)[0m  [1mBEGIN[0m
  [1m[35mSQL (0.3ms)[0m  INSERT INTO "orders" ("number", "customer_id") VALUES ($1, $2) RETURNING "id"  [["number", "dff"], ["customer_id", 1]]
  [1m[36m (5.2ms)[0m  [1mCOMMIT[0m
  [1m[35m (0.1ms)[0m  BEGIN
  [1m[36mSQL (0.2ms)[0m  [1mINSERT INTO "orders" ("number", "customer_id") VALUES ($1, $2) RETURNING "id"[0m  [["number", "effe"], ["customer_id", 2]]
  [1m[35m (0.5ms)[0m  COMMIT
  [1m[36m (0.1ms)[0m  [1mBEGIN[0m
  [1m[35mSQL (0.2ms)[0m  INSERT INTO "orders" ("number", "customer_id") VALUES ($1, $2) RETURNING "id"  [["number", "sgd"], ["customer_id", 2]]
  [1m[36m (0.4ms)[0m  [1mCOMMIT[0m
  [1m[35m (0.1ms)[0m  BEGIN
  [1m[36mSQL (0.2ms)[0m  [1mINSERT INTO "orders" ("number", "customer_id") VALUES ($1, $2) RETURNING "id"[0m  [["number", "2idddd"], ["customer_id", 3]]
  [1m[35m (0.4ms)[0m  COMMIT
  [1m[36m (0.1ms)[0m  [1mBEGIN[0m
  [1m[35mSQL (0.1ms)[0m  INSERT INTO "orders" ("number", "customer_id") VALUES ($1, $2) RETURNING "id"  [["number", "2i3dddd"], ["customer_id", 3]]
  [1m[36m (0.3ms)[0m  [1mCOMMIT[0m
  [1m[36mOrder Load (0.3ms)[0m  [1mSELECT "orders".* FROM "orders"[0m
  [1m[35mCustomer Load (0.4ms)[0m  SELECT "customers".* FROM "customers"
  [1m[36mCustomer Load (0.5ms)[0m  [1mSELECT  "customers".* FROM "customers"  ORDER BY "customers"."id" ASC LIMIT 1[0m
  [1m[36mCustomer Load (0.4ms)[0m  [1mSELECT  "customers".* FROM "customers"  ORDER BY "customers"."id" ASC LIMIT 1[0m
  [1m[35mCustomer Load (0.5ms)[0m  SELECT  "customers".* FROM "customers"  ORDER BY "customers"."id" ASC LIMIT 1
  [1m[36mOrder Load (0.3ms)[0m  [1mSELECT "orders".* FROM "orders" WHERE "orders"."customer_id" = $1[0m  [["customer_id", 1]]
  [1m[35mNote Load (0.5ms)[0m  SELECT "notes".* FROM "notes"
  [1m[36mNote Load (0.4ms)[0m  [1mSELECT "notes".* FROM "notes"[0m
  [1m[36mCustomer Load (0.5ms)[0m  [1mSELECT  "customers".* FROM "customers"  ORDER BY "customers"."id" ASC LIMIT 1[0m
  [1m[35mOrder Load (0.4ms)[0m  SELECT "orders".* FROM "orders"
  [1m[36mNote Load (0.4ms)[0m  [1mSELECT "notes".* FROM "notes"[0m
  [1m[35mOrder Load (0.1ms)[0m  SELECT "orders".* FROM "orders" WHERE "orders"."customer_id" = $1  [["customer_id", 1]]
  [1m[36mOrder Load (0.4ms)[0m  [1mSELECT "orders".* FROM "orders" WHERE "orders"."customer_id" = $1[0m  [["customer_id", 1]]
  [1m[36mOrder Load (0.3ms)[0m  [1mSELECT "orders".* FROM "orders"[0m
  [1m[35mCustomer Load (0.4ms)[0m  SELECT "customers".* FROM "customers"
  [1m[36mCustomer Load (0.3ms)[0m  [1mSELECT  "customers".* FROM "customers" WHERE "customers"."id" = $1 LIMIT 1[0m  [["id", 1]]
  [1m[35mCustomer Load (0.4ms)[0m  SELECT  "customers".* FROM "customers" WHERE "customers"."id" = $1 LIMIT 1  [["id", 2]]
  [1m[36mCustomer Load (0.4ms)[0m  [1mSELECT  "customers".* FROM "customers" WHERE "customers"."id" = $1 LIMIT 1[0m  [["id", 1]]
  [1m[35mOrder Load (0.1ms)[0m  SELECT "orders".* FROM "orders" WHERE "orders"."customer_id" = $1  [["customer_id", 1]]
PG::UndefinedColumn: ERROR:  column notes.customer_id does not exist
LINE 1: SELECT "notes".* FROM "notes" WHERE "notes"."customer_id" = ...
                                            ^
: SELECT "notes".* FROM "notes" WHERE "notes"."customer_id" = $1
PG::UndefinedColumn: ERROR:  column notes.customer_id does not exist
LINE 1: SELECT "notes".* FROM "notes" WHERE "notes"."customer_id" = ...
                                            ^
: SELECT "notes".* FROM "notes" WHERE "notes"."customer_id" = $1
  [1m[36mOrder Load (0.7ms)[0m  [1mSELECT  "orders".* FROM "orders"  ORDER BY "orders"."id" ASC LIMIT 1[0m
  [1m[35mOrder Load (0.4ms)[0m  SELECT  "orders".* FROM "orders"  ORDER BY "orders"."id" ASC LIMIT 1
  [1m[36mNote Load (0.3ms)[0m  [1mSELECT "notes".* FROM "notes" WHERE "notes"."order_id" = $1[0m  [["order_id", 1]]
  [1m[36mActiveRecord::SchemaMigration Load (0.5ms)[0m  [1mSELECT "schema_migrations".* FROM "schema_migrations"[0m
Migrating to AddCustomerIdColumnToNoteTable (20150417004931)
  [1m[35m (0.1ms)[0m  BEGIN
  [1m[36m (0.6ms)[0m  [1mALTER TABLE "notes" ADD "customer_id" character varying[0m
  [1m[35mSQL (0.1ms)[0m  INSERT INTO "schema_migrations" ("version") VALUES ($1)  [["version", "20150417004931"]]
  [1m[36m (6.5ms)[0m  [1mCOMMIT[0m
  [1m[35mActiveRecord::SchemaMigration Load (0.1ms)[0m  SELECT "schema_migrations".* FROM "schema_migrations"
  [1m[36m (1.6ms)[0m  [1mSELECT t2.oid::regclass::text AS to_table, a1.attname AS column, a2.attname AS primary_key, c.conname AS name, c.confupdtype AS on_update, c.confdeltype AS on_delete
FROM pg_constraint c
JOIN pg_class t1 ON c.conrelid = t1.oid
JOIN pg_class t2 ON c.confrelid = t2.oid
JOIN pg_attribute a1 ON a1.attnum = c.conkey[1] AND a1.attrelid = t1.oid
JOIN pg_attribute a2 ON a2.attnum = c.confkey[1] AND a2.attrelid = t2.oid
JOIN pg_namespace t3 ON c.connamespace = t3.oid
WHERE c.contype = 'f'
  AND t1.relname = 'customers'
  AND t3.nspname = ANY (current_schemas(false))
ORDER BY c.conname
[0m
  [1m[35m (1.9ms)[0m  SELECT t2.oid::regclass::text AS to_table, a1.attname AS column, a2.attname AS primary_key, c.conname AS name, c.confupdtype AS on_update, c.confdeltype AS on_delete
FROM pg_constraint c
JOIN pg_class t1 ON c.conrelid = t1.oid
JOIN pg_class t2 ON c.confrelid = t2.oid
JOIN pg_attribute a1 ON a1.attnum = c.conkey[1] AND a1.attrelid = t1.oid
JOIN pg_attribute a2 ON a2.attnum = c.confkey[1] AND a2.attrelid = t2.oid
JOIN pg_namespace t3 ON c.connamespace = t3.oid
WHERE c.contype = 'f'
  AND t1.relname = 'notes'
  AND t3.nspname = ANY (current_schemas(false))
ORDER BY c.conname

  [1m[36m (2.6ms)[0m  [1mSELECT t2.oid::regclass::text AS to_table, a1.attname AS column, a2.attname AS primary_key, c.conname AS name, c.confupdtype AS on_update, c.confdeltype AS on_delete
FROM pg_constraint c
JOIN pg_class t1 ON c.conrelid = t1.oid
JOIN pg_class t2 ON c.confrelid = t2.oid
JOIN pg_attribute a1 ON a1.attnum = c.conkey[1] AND a1.attrelid = t1.oid
JOIN pg_attribute a2 ON a2.attnum = c.confkey[1] AND a2.attrelid = t2.oid
JOIN pg_namespace t3 ON c.connamespace = t3.oid
WHERE c.contype = 'f'
  AND t1.relname = 'orders'
  AND t3.nspname = ANY (current_schemas(false))
ORDER BY c.conname
[0m
  [1m[36m (18.6ms)[0m  [1mCREATE TABLE "schema_migrations" ("version" character varying NOT NULL) [0m
  [1m[35m (2.2ms)[0m  CREATE UNIQUE INDEX  "unique_schema_migrations" ON "schema_migrations"  ("version")
  [1m[36mActiveRecord::SchemaMigration Load (0.2ms)[0m  [1mSELECT "schema_migrations".* FROM "schema_migrations"[0m
  [1m[36mActiveRecord::SchemaMigration Load (0.2ms)[0m  [1mSELECT "schema_migrations".* FROM "schema_migrations"[0m
Migrating to CreateCustomersTable (20150416220149)
  [1m[35m (0.1ms)[0m  BEGIN
  [1m[36m (23.1ms)[0m  [1mCREATE TABLE "customers_tables" ("id" serial primary key, "email" character varying) [0m
  [1m[35mSQL (6.3ms)[0m  INSERT INTO "schema_migrations" ("version") VALUES ($1)  [["version", "20150416220149"]]
  [1m[36m (6.0ms)[0m  [1mCOMMIT[0m
Migrating to CreateOrdersTable (20150416220337)
  [1m[35m (6.2ms)[0m  BEGIN
  [1m[36m (16.2ms)[0m  [1mCREATE TABLE "orders_tables" ("id" serial primary key, "number" character varying, "customer_id" integer) [0m
  [1m[35mSQL (0.2ms)[0m  INSERT INTO "schema_migrations" ("version") VALUES ($1)  [["version", "20150416220337"]]
  [1m[36m (0.6ms)[0m  [1mCOMMIT[0m
Migrating to CreateNotesTable (20150416231633)
  [1m[35m (6.1ms)[0m  BEGIN
  [1m[36m (15.3ms)[0m  [1mCREATE TABLE "notes_tables" ("id" serial primary key, "message" character varying, "order_id" integer) [0m
  [1m[35mSQL (0.1ms)[0m  INSERT INTO "schema_migrations" ("version") VALUES ($1)  [["version", "20150416231633"]]
  [1m[36m (5.1ms)[0m  [1mCOMMIT[0m
Migrating to ChangeTableNameCustomer (20150416234234)
  [1m[35m (5.8ms)[0m  BEGIN
  [1m[36m (0.3ms)[0m  [1mALTER TABLE "customers_tables" RENAME TO "customers"[0m
  [1m[35m (0.2ms)[0m  ALTER TABLE "public"."customers_tables_id_seq" RENAME TO "customers_id_seq"
  [1m[36m (0.2ms)[0m  [1mALTER INDEX "customers_tables_pkey" RENAME TO "customers_pkey"[0m
  [1m[35mSQL (0.1ms)[0m  INSERT INTO "schema_migrations" ("version") VALUES ($1)  [["version", "20150416234234"]]
  [1m[36m (6.4ms)[0m  [1mCOMMIT[0m
Migrating to ChangeTableNameOrder (20150416234409)
  [1m[35m (0.2ms)[0m  BEGIN
  [1m[36m (0.3ms)[0m  [1mALTER TABLE "orders_tables" RENAME TO "orders"[0m
  [1m[35m (0.2ms)[0m  ALTER TABLE "public"."orders_tables_id_seq" RENAME TO "orders_id_seq"
  [1m[36m (0.2ms)[0m  [1mALTER INDEX "orders_tables_pkey" RENAME TO "orders_pkey"[0m
  [1m[35mSQL (0.1ms)[0m  INSERT INTO "schema_migrations" ("version") VALUES ($1)  [["version", "20150416234409"]]
  [1m[36m (5.7ms)[0m  [1mCOMMIT[0m
Migrating to ChangeTableNameNote (20150416234509)
  [1m[35m (0.1ms)[0m  BEGIN
  [1m[36m (0.2ms)[0m  [1mALTER TABLE "notes_tables" RENAME TO "notes"[0m
  [1m[35m (0.1ms)[0m  ALTER TABLE "public"."notes_tables_id_seq" RENAME TO "notes_id_seq"
  [1m[36m (0.1ms)[0m  [1mALTER INDEX "notes_tables_pkey" RENAME TO "notes_pkey"[0m
  [1m[35mSQL (0.1ms)[0m  INSERT INTO "schema_migrations" ("version") VALUES ($1)  [["version", "20150416234509"]]
  [1m[36m (5.9ms)[0m  [1mCOMMIT[0m
Migrating to AddCustomerIdColumnToNoteTable (20150417004931)
  [1m[35m (0.2ms)[0m  BEGIN
  [1m[36m (0.3ms)[0m  [1mALTER TABLE "notes" ADD "customer_id" character varying[0m
  [1m[35mSQL (0.2ms)[0m  INSERT INTO "schema_migrations" ("version") VALUES ($1)  [["version", "20150417004931"]]
  [1m[36m (5.7ms)[0m  [1mCOMMIT[0m
  [1m[35mActiveRecord::SchemaMigration Load (0.2ms)[0m  SELECT "schema_migrations".* FROM "schema_migrations"
  [1m[36m (2.7ms)[0m  [1mSELECT t2.oid::regclass::text AS to_table, a1.attname AS column, a2.attname AS primary_key, c.conname AS name, c.confupdtype AS on_update, c.confdeltype AS on_delete
FROM pg_constraint c
JOIN pg_class t1 ON c.conrelid = t1.oid
JOIN pg_class t2 ON c.confrelid = t2.oid
JOIN pg_attribute a1 ON a1.attnum = c.conkey[1] AND a1.attrelid = t1.oid
JOIN pg_attribute a2 ON a2.attnum = c.confkey[1] AND a2.attrelid = t2.oid
JOIN pg_namespace t3 ON c.connamespace = t3.oid
WHERE c.contype = 'f'
  AND t1.relname = 'customers'
  AND t3.nspname = ANY (current_schemas(false))
ORDER BY c.conname
[0m
  [1m[35m (1.5ms)[0m  SELECT t2.oid::regclass::text AS to_table, a1.attname AS column, a2.attname AS primary_key, c.conname AS name, c.confupdtype AS on_update, c.confdeltype AS on_delete
FROM pg_constraint c
JOIN pg_class t1 ON c.conrelid = t1.oid
JOIN pg_class t2 ON c.confrelid = t2.oid
JOIN pg_attribute a1 ON a1.attnum = c.conkey[1] AND a1.attrelid = t1.oid
JOIN pg_attribute a2 ON a2.attnum = c.confkey[1] AND a2.attrelid = t2.oid
JOIN pg_namespace t3 ON c.connamespace = t3.oid
WHERE c.contype = 'f'
  AND t1.relname = 'notes'
  AND t3.nspname = ANY (current_schemas(false))
ORDER BY c.conname

  [1m[36m (1.2ms)[0m  [1mSELECT t2.oid::regclass::text AS to_table, a1.attname AS column, a2.attname AS primary_key, c.conname AS name, c.confupdtype AS on_update, c.confdeltype AS on_delete
FROM pg_constraint c
JOIN pg_class t1 ON c.conrelid = t1.oid
JOIN pg_class t2 ON c.confrelid = t2.oid
JOIN pg_attribute a1 ON a1.attnum = c.conkey[1] AND a1.attrelid = t1.oid
JOIN pg_attribute a2 ON a2.attnum = c.confkey[1] AND a2.attrelid = t2.oid
JOIN pg_namespace t3 ON c.connamespace = t3.oid
WHERE c.contype = 'f'
  AND t1.relname = 'orders'
  AND t3.nspname = ANY (current_schemas(false))
ORDER BY c.conname
[0m
  [1m[36mOrder Load (0.3ms)[0m  [1mSELECT "orders".* FROM "orders"[0m
  [1m[36mActiveRecord::SchemaMigration Load (0.2ms)[0m  [1mSELECT "schema_migrations".* FROM "schema_migrations"[0m
  [1m[35m (0.1ms)[0m  BEGIN
  [1m[36mSQL (6.5ms)[0m  [1mINSERT INTO "customers" ("email") VALUES ($1) RETURNING "id"[0m  [["email", "hello@hello.com"]]
  [1m[35m (5.9ms)[0m  COMMIT
  [1m[36m (0.1ms)[0m  [1mBEGIN[0m
  [1m[35mSQL (0.3ms)[0m  INSERT INTO "customers" ("email") VALUES ($1) RETURNING "id"  [["email", "byebye@hello.com"]]
  [1m[36m (0.4ms)[0m  [1mCOMMIT[0m
  [1m[35m (0.1ms)[0m  BEGIN
  [1m[36mSQL (0.2ms)[0m  [1mINSERT INTO "customers" ("email") VALUES ($1) RETURNING "id"[0m  [["email", "weee@hello.com"]]
  [1m[35m (0.3ms)[0m  COMMIT
  [1m[36m (0.1ms)[0m  [1mBEGIN[0m
  [1m[35mSQL (6.3ms)[0m  INSERT INTO "notes" ("message", "order_id") VALUES ($1, $2) RETURNING "id"  [["message", "hello hello heoihfheofef eihfief "], ["order_id", 1]]
  [1m[36m (6.2ms)[0m  [1mCOMMIT[0m
  [1m[35m (0.2ms)[0m  BEGIN
  [1m[36mSQL (0.3ms)[0m  [1mINSERT INTO "notes" ("message", "order_id") VALUES ($1, $2) RETURNING "id"[0m  [["message", "hello hello heoihfheofef eihfief "], ["order_id", 2]]
  [1m[35m (5.2ms)[0m  COMMIT
  [1m[36m (0.2ms)[0m  [1mBEGIN[0m
  [1m[35mSQL (0.4ms)[0m  INSERT INTO "notes" ("message", "order_id") VALUES ($1, $2) RETURNING "id"  [["message", "hello hello heoihfheofef eihfief "], ["order_id", 3]]
  [1m[36m (0.4ms)[0m  [1mCOMMIT[0m
  [1m[35m (0.1ms)[0m  BEGIN
  [1m[36mSQL (0.2ms)[0m  [1mINSERT INTO "notes" ("message", "order_id") VALUES ($1, $2) RETURNING "id"[0m  [["message", "hello hello heoihfheofef eihfief "], ["order_id", 4]]
  [1m[35m (0.2ms)[0m  COMMIT
  [1m[36m (0.1ms)[0m  [1mBEGIN[0m
  [1m[35mSQL (0.1ms)[0m  INSERT INTO "notes" ("message", "order_id") VALUES ($1, $2) RETURNING "id"  [["message", "hello hello heoihfheofef eihfief "], ["order_id", 5]]
  [1m[36m (0.2ms)[0m  [1mCOMMIT[0m
  [1m[35m (0.1ms)[0m  BEGIN
  [1m[36mSQL (0.3ms)[0m  [1mINSERT INTO "orders" ("number", "customer_id") VALUES ($1, $2) RETURNING "id"[0m  [["number", "2i3h"], ["customer_id", 1]]
  [1m[35m (0.3ms)[0m  COMMIT
  [1m[36m (0.1ms)[0m  [1mBEGIN[0m
  [1m[35mSQL (0.2ms)[0m  INSERT INTO "orders" ("number", "customer_id") VALUES ($1, $2) RETURNING "id"  [["number", "dff"], ["customer_id", 1]]
  [1m[36m (0.4ms)[0m  [1mCOMMIT[0m
  [1m[35m (0.1ms)[0m  BEGIN
  [1m[36mSQL (0.1ms)[0m  [1mINSERT INTO "orders" ("number", "customer_id") VALUES ($1, $2) RETURNING "id"[0m  [["number", "effe"], ["customer_id", 2]]
  [1m[35m (0.2ms)[0m  COMMIT
  [1m[36m (0.1ms)[0m  [1mBEGIN[0m
  [1m[35mSQL (0.1ms)[0m  INSERT INTO "orders" ("number", "customer_id") VALUES ($1, $2) RETURNING "id"  [["number", "sgd"], ["customer_id", 2]]
  [1m[36m (0.3ms)[0m  [1mCOMMIT[0m
  [1m[35m (0.1ms)[0m  BEGIN
  [1m[36mSQL (0.2ms)[0m  [1mINSERT INTO "orders" ("number", "customer_id") VALUES ($1, $2) RETURNING "id"[0m  [["number", "2idddd"], ["customer_id", 3]]
  [1m[35m (0.4ms)[0m  COMMIT
  [1m[36m (0.1ms)[0m  [1mBEGIN[0m
  [1m[35mSQL (0.1ms)[0m  INSERT INTO "orders" ("number", "customer_id") VALUES ($1, $2) RETURNING "id"  [["number", "2i3dddd"], ["customer_id", 3]]
  [1m[36m (0.3ms)[0m  [1mCOMMIT[0m
  [1m[36mNote Load (0.3ms)[0m  [1mSELECT "notes".* FROM "notes"[0m
  [1m[35mCustomer Load (0.4ms)[0m  SELECT "customers".* FROM "customers"
  [1m[36mCustomer Load (0.5ms)[0m  [1mSELECT  "customers".* FROM "customers"  ORDER BY "customers"."id" ASC LIMIT 1[0m
  [1m[35mOrder Load (0.2ms)[0m  SELECT "orders".* FROM "orders" WHERE "orders"."customer_id" = $1  [["customer_id", 1]]
  [1m[36mNote Load (0.2ms)[0m  [1mSELECT "notes".* FROM "notes" WHERE "notes"."customer_id" = $1[0m  [["customer_id", "1"]]
  [1m[35mOrder Load (0.5ms)[0m  SELECT  "orders".* FROM "orders"  ORDER BY "orders"."id" ASC LIMIT 1
  [1m[36mNote Load (0.2ms)[0m  [1mSELECT "notes".* FROM "notes" WHERE "notes"."order_id" = $1[0m  [["order_id", 1]]
  [1m[36mOrder Load (4.0ms)[0m  [1mSELECT "orders".* FROM "orders"[0m
  [1m[35mCustomer Load (18.3ms)[0m  SELECT  "customers".* FROM "customers"  ORDER BY "customers"."id" ASC LIMIT 1
  [1m[36mNote Load (7.7ms)[0m  [1mSELECT "notes".* FROM "notes" INNER JOIN "orders" ON "notes"."order_id" = "orders"."id" WHERE "orders"."customer_id" = $1[0m  [["customer_id", 1]]
  [1m[35mOrder Load (1.4ms)[0m  SELECT  "orders".* FROM "orders"  ORDER BY "orders"."id" ASC LIMIT 1
  [1m[36mNote Load (0.2ms)[0m  [1mSELECT "notes".* FROM "notes" WHERE "notes"."order_id" = $1[0m  [["order_id", 1]]
  [1m[35mCustomer Load (0.4ms)[0m  SELECT  "customers".* FROM "customers"  ORDER BY "customers"."id" ASC LIMIT 1
  [1m[36mNote Load (0.3ms)[0m  [1mSELECT "notes".* FROM "notes" INNER JOIN "orders" ON "notes"."order_id" = "orders"."id" WHERE "orders"."customer_id" = $1[0m  [["customer_id", 1]]
  [1m[35mCustomer Load (0.4ms)[0m  SELECT  "customers".* FROM "customers"  ORDER BY "customers"."id" ASC LIMIT 1
  [1m[36mNote Load (0.6ms)[0m  [1mSELECT "notes".* FROM "notes" INNER JOIN "orders" ON "notes"."order_id" = "orders"."id" WHERE "orders"."customer_id" = $1[0m  [["customer_id", 1]]
  [1m[36m (16.3ms)[0m  [1mCREATE TABLE "schema_migrations" ("version" character varying NOT NULL) [0m
  [1m[35m (1.0ms)[0m  CREATE UNIQUE INDEX  "unique_schema_migrations" ON "schema_migrations"  ("version")
  [1m[36mActiveRecord::SchemaMigration Load (0.2ms)[0m  [1mSELECT "schema_migrations".* FROM "schema_migrations"[0m
Migrating to CreateCustomersTable (20150416220149)
  [1m[35m (0.1ms)[0m  BEGIN
  [1m[36m (26.7ms)[0m  [1mCREATE TABLE "customers_tables" ("id" serial primary key, "email" character varying) [0m
  [1m[35mSQL (6.1ms)[0m  INSERT INTO "schema_migrations" ("version") VALUES ($1)  [["version", "20150416220149"]]
  [1m[36m (6.3ms)[0m  [1mCOMMIT[0m
Migrating to CreateOrdersTable (20150416220337)
  [1m[35m (5.7ms)[0m  BEGIN
  [1m[36m (15.1ms)[0m  [1mCREATE TABLE "orders_tables" ("id" serial primary key, "number" character varying, "customer_id" integer) [0m
  [1m[35mSQL (0.2ms)[0m  INSERT INTO "schema_migrations" ("version") VALUES ($1)  [["version", "20150416220337"]]
  [1m[36m (0.6ms)[0m  [1mCOMMIT[0m
Migrating to CreateNotesTable (20150416231633)
  [1m[35m (6.2ms)[0m  BEGIN
  [1m[36m (14.5ms)[0m  [1mCREATE TABLE "notes_tables" ("id" serial primary key, "message" character varying, "order_id" integer) [0m
  [1m[35mSQL (0.1ms)[0m  INSERT INTO "schema_migrations" ("version") VALUES ($1)  [["version", "20150416231633"]]
  [1m[36m (4.8ms)[0m  [1mCOMMIT[0m
Migrating to ChangeTableNameCustomer (20150416234234)
  [1m[35m (5.3ms)[0m  BEGIN
  [1m[36m (0.3ms)[0m  [1mALTER TABLE "customers_tables" RENAME TO "customers"[0m
  [1m[35m (0.2ms)[0m  ALTER TABLE "public"."customers_tables_id_seq" RENAME TO "customers_id_seq"
  [1m[36m (0.3ms)[0m  [1mALTER INDEX "customers_tables_pkey" RENAME TO "customers_pkey"[0m
  [1m[35mSQL (0.1ms)[0m  INSERT INTO "schema_migrations" ("version") VALUES ($1)  [["version", "20150416234234"]]
  [1m[36m (6.3ms)[0m  [1mCOMMIT[0m
Migrating to ChangeTableNameOrder (20150416234409)
  [1m[35m (0.2ms)[0m  BEGIN
  [1m[36m (0.3ms)[0m  [1mALTER TABLE "orders_tables" RENAME TO "orders"[0m
  [1m[35m (0.2ms)[0m  ALTER TABLE "public"."orders_tables_id_seq" RENAME TO "orders_id_seq"
  [1m[36m (0.2ms)[0m  [1mALTER INDEX "orders_tables_pkey" RENAME TO "orders_pkey"[0m
  [1m[35mSQL (0.1ms)[0m  INSERT INTO "schema_migrations" ("version") VALUES ($1)  [["version", "20150416234409"]]
  [1m[36m (10.3ms)[0m  [1mCOMMIT[0m
Migrating to ChangeTableNameNote (20150416234509)
  [1m[35m (0.1ms)[0m  BEGIN
  [1m[36m (0.2ms)[0m  [1mALTER TABLE "notes_tables" RENAME TO "notes"[0m
  [1m[35m (0.2ms)[0m  ALTER TABLE "public"."notes_tables_id_seq" RENAME TO "notes_id_seq"
  [1m[36m (0.2ms)[0m  [1mALTER INDEX "notes_tables_pkey" RENAME TO "notes_pkey"[0m
  [1m[35mSQL (0.1ms)[0m  INSERT INTO "schema_migrations" ("version") VALUES ($1)  [["version", "20150416234509"]]
  [1m[36m (5.9ms)[0m  [1mCOMMIT[0m
Migrating to AddCustomerIdColumnToNoteTable (20150417004931)
  [1m[35m (0.1ms)[0m  BEGIN
  [1m[36m (0.2ms)[0m  [1mALTER TABLE "notes" ADD "customer_id" character varying[0m
  [1m[35mSQL (0.1ms)[0m  INSERT INTO "schema_migrations" ("version") VALUES ($1)  [["version", "20150417004931"]]
  [1m[36m (6.0ms)[0m  [1mCOMMIT[0m
  [1m[35mActiveRecord::SchemaMigration Load (0.1ms)[0m  SELECT "schema_migrations".* FROM "schema_migrations"
  [1m[36m (1.8ms)[0m  [1mSELECT t2.oid::regclass::text AS to_table, a1.attname AS column, a2.attname AS primary_key, c.conname AS name, c.confupdtype AS on_update, c.confdeltype AS on_delete
FROM pg_constraint c
JOIN pg_class t1 ON c.conrelid = t1.oid
JOIN pg_class t2 ON c.confrelid = t2.oid
JOIN pg_attribute a1 ON a1.attnum = c.conkey[1] AND a1.attrelid = t1.oid
JOIN pg_attribute a2 ON a2.attnum = c.confkey[1] AND a2.attrelid = t2.oid
JOIN pg_namespace t3 ON c.connamespace = t3.oid
WHERE c.contype = 'f'
  AND t1.relname = 'customers'
  AND t3.nspname = ANY (current_schemas(false))
ORDER BY c.conname
[0m
  [1m[35m (1.3ms)[0m  SELECT t2.oid::regclass::text AS to_table, a1.attname AS column, a2.attname AS primary_key, c.conname AS name, c.confupdtype AS on_update, c.confdeltype AS on_delete
FROM pg_constraint c
JOIN pg_class t1 ON c.conrelid = t1.oid
JOIN pg_class t2 ON c.confrelid = t2.oid
JOIN pg_attribute a1 ON a1.attnum = c.conkey[1] AND a1.attrelid = t1.oid
JOIN pg_attribute a2 ON a2.attnum = c.confkey[1] AND a2.attrelid = t2.oid
JOIN pg_namespace t3 ON c.connamespace = t3.oid
WHERE c.contype = 'f'
  AND t1.relname = 'notes'
  AND t3.nspname = ANY (current_schemas(false))
ORDER BY c.conname

  [1m[36m (1.3ms)[0m  [1mSELECT t2.oid::regclass::text AS to_table, a1.attname AS column, a2.attname AS primary_key, c.conname AS name, c.confupdtype AS on_update, c.confdeltype AS on_delete
FROM pg_constraint c
JOIN pg_class t1 ON c.conrelid = t1.oid
JOIN pg_class t2 ON c.confrelid = t2.oid
JOIN pg_attribute a1 ON a1.attnum = c.conkey[1] AND a1.attrelid = t1.oid
JOIN pg_attribute a2 ON a2.attnum = c.confkey[1] AND a2.attrelid = t2.oid
JOIN pg_namespace t3 ON c.connamespace = t3.oid
WHERE c.contype = 'f'
  AND t1.relname = 'orders'
  AND t3.nspname = ANY (current_schemas(false))
ORDER BY c.conname
[0m
  [1m[36mOrder Load (0.4ms)[0m  [1mSELECT "orders".* FROM "orders"[0m
  [1m[35mCustomer Load (0.4ms)[0m  SELECT  "customers".* FROM "customers"  ORDER BY "customers"."id" ASC LIMIT 1
  [1m[36mOrder Load (0.4ms)[0m  [1mSELECT  "orders".* FROM "orders"  ORDER BY "orders"."id" ASC LIMIT 1[0m
  [1m[36mActiveRecord::SchemaMigration Load (0.2ms)[0m  [1mSELECT "schema_migrations".* FROM "schema_migrations"[0m
  [1m[35m (0.1ms)[0m  BEGIN
  [1m[36mSQL (5.8ms)[0m  [1mINSERT INTO "customers" ("email") VALUES ($1) RETURNING "id"[0m  [["email", "hello@hello.com"]]
  [1m[35m (6.5ms)[0m  COMMIT
  [1m[36m (0.1ms)[0m  [1mBEGIN[0m
  [1m[35mSQL (0.3ms)[0m  INSERT INTO "customers" ("email") VALUES ($1) RETURNING "id"  [["email", "byebye@hello.com"]]
  [1m[36m (0.5ms)[0m  [1mCOMMIT[0m
  [1m[35m (0.1ms)[0m  BEGIN
  [1m[36mSQL (0.2ms)[0m  [1mINSERT INTO "customers" ("email") VALUES ($1) RETURNING "id"[0m  [["email", "weee@hello.com"]]
  [1m[35m (0.4ms)[0m  COMMIT
  [1m[36m (0.1ms)[0m  [1mBEGIN[0m
  [1m[35mSQL (0.3ms)[0m  INSERT INTO "notes" ("message", "order_id") VALUES ($1, $2) RETURNING "id"  [["message", "hello hello heoihfheofef eihfief "], ["order_id", 1]]
  [1m[36m (0.2ms)[0m  [1mCOMMIT[0m
  [1m[35m (0.1ms)[0m  BEGIN
  [1m[36mSQL (0.1ms)[0m  [1mINSERT INTO "notes" ("message", "order_id") VALUES ($1, $2) RETURNING "id"[0m  [["message", "hello hello heoihfheofef eihfief "], ["order_id", 2]]
  [1m[35m (0.2ms)[0m  COMMIT
  [1m[36m (0.1ms)[0m  [1mBEGIN[0m
  [1m[35mSQL (0.1ms)[0m  INSERT INTO "notes" ("message", "order_id") VALUES ($1, $2) RETURNING "id"  [["message", "hello hello heoihfheofef eihfief "], ["order_id", 3]]
  [1m[36m (0.2ms)[0m  [1mCOMMIT[0m
  [1m[35m (0.1ms)[0m  BEGIN
  [1m[36mSQL (0.1ms)[0m  [1mINSERT INTO "notes" ("message", "order_id") VALUES ($1, $2) RETURNING "id"[0m  [["message", "hello hello heoihfheofef eihfief "], ["order_id", 4]]
  [1m[35m (0.2ms)[0m  COMMIT
  [1m[36m (0.1ms)[0m  [1mBEGIN[0m
  [1m[35mSQL (0.1ms)[0m  INSERT INTO "notes" ("message", "order_id") VALUES ($1, $2) RETURNING "id"  [["message", "hello hello heoihfheofef eihfief "], ["order_id", 5]]
  [1m[36m (0.2ms)[0m  [1mCOMMIT[0m
  [1m[36mActiveRecord::SchemaMigration Load (0.2ms)[0m  [1mSELECT "schema_migrations".* FROM "schema_migrations"[0m
  [1m[35m (0.1ms)[0m  BEGIN
  [1m[36mSQL (0.2ms)[0m  [1mINSERT INTO "customers" ("email") VALUES ($1) RETURNING "id"[0m  [["email", "hello@hello.com"]]
  [1m[35m (0.8ms)[0m  COMMIT
  [1m[36m (0.1ms)[0m  [1mBEGIN[0m
  [1m[35mSQL (0.1ms)[0m  INSERT INTO "customers" ("email") VALUES ($1) RETURNING "id"  [["email", "byebye@hello.com"]]
  [1m[36m (0.3ms)[0m  [1mCOMMIT[0m
  [1m[35m (0.0ms)[0m  BEGIN
  [1m[36mSQL (0.1ms)[0m  [1mINSERT INTO "customers" ("email") VALUES ($1) RETURNING "id"[0m  [["email", "weee@hello.com"]]
  [1m[35m (0.2ms)[0m  COMMIT
  [1m[36m (0.1ms)[0m  [1mBEGIN[0m
  [1m[35mSQL (0.2ms)[0m  INSERT INTO "notes" ("message", "order_id") VALUES ($1, $2) RETURNING "id"  [["message", "hello hello heoihfheofef eihfief "], ["order_id", 1]]
  [1m[36m (0.2ms)[0m  [1mCOMMIT[0m
  [1m[35m (0.1ms)[0m  BEGIN
  [1m[36mSQL (0.1ms)[0m  [1mINSERT INTO "notes" ("message", "order_id") VALUES ($1, $2) RETURNING "id"[0m  [["message", "hello hello heoihfheofef eihfief "], ["order_id", 2]]
  [1m[35m (0.3ms)[0m  COMMIT
  [1m[36m (0.1ms)[0m  [1mBEGIN[0m
  [1m[35mSQL (0.1ms)[0m  INSERT INTO "notes" ("message", "order_id") VALUES ($1, $2) RETURNING "id"  [["message", "hello hello heoihfheofef eihfief "], ["order_id", 3]]
  [1m[36m (0.2ms)[0m  [1mCOMMIT[0m
  [1m[35m (0.1ms)[0m  BEGIN
  [1m[36mSQL (0.1ms)[0m  [1mINSERT INTO "notes" ("message", "order_id") VALUES ($1, $2) RETURNING "id"[0m  [["message", "hello hello heoihfheofef eihfief "], ["order_id", 4]]
  [1m[35m (0.2ms)[0m  COMMIT
  [1m[36m (0.1ms)[0m  [1mBEGIN[0m
  [1m[35mSQL (0.1ms)[0m  INSERT INTO "notes" ("message", "order_id") VALUES ($1, $2) RETURNING "id"  [["message", "hello hello heoihfheofef eihfief "], ["order_id", 5]]
  [1m[36m (0.2ms)[0m  [1mCOMMIT[0m
  [1m[35m (0.1ms)[0m  BEGIN
  [1m[36mOrder Exists (0.3ms)[0m  [1mSELECT  1 AS one FROM "orders" WHERE "orders"."number" = $1 LIMIT 1[0m  [["number", "45541772"]]
  [1m[35mSQL (6.3ms)[0m  INSERT INTO "orders" ("number", "customer_id") VALUES ($1, $2) RETURNING "id"  [["number", "45541772"], ["customer_id", 1]]
  [1m[36m (5.9ms)[0m  [1mCOMMIT[0m
  [1m[35m (0.1ms)[0m  BEGIN
  [1m[36mOrder Exists (0.3ms)[0m  [1mSELECT  1 AS one FROM "orders" WHERE "orders"."number" = $1 LIMIT 1[0m  [["number", "671710557"]]
  [1m[35mSQL (0.2ms)[0m  INSERT INTO "orders" ("number", "customer_id") VALUES ($1, $2) RETURNING "id"  [["number", "671710557"], ["customer_id", 1]]
  [1m[36m (6.5ms)[0m  [1mCOMMIT[0m
  [1m[35m (0.1ms)[0m  BEGIN
  [1m[36mOrder Exists (0.2ms)[0m  [1mSELECT  1 AS one FROM "orders" WHERE "orders"."number" = $1 LIMIT 1[0m  [["number", "135912894"]]
  [1m[35mSQL (0.2ms)[0m  INSERT INTO "orders" ("number", "customer_id") VALUES ($1, $2) RETURNING "id"  [["number", "135912894"], ["customer_id", 2]]
  [1m[36m (0.4ms)[0m  [1mCOMMIT[0m
  [1m[35m (0.1ms)[0m  BEGIN
  [1m[36mOrder Exists (0.1ms)[0m  [1mSELECT  1 AS one FROM "orders" WHERE "orders"."number" = $1 LIMIT 1[0m  [["number", "769092911"]]
  [1m[35mSQL (0.1ms)[0m  INSERT INTO "orders" ("number", "customer_id") VALUES ($1, $2) RETURNING "id"  [["number", "769092911"], ["customer_id", 2]]
  [1m[36m (0.3ms)[0m  [1mCOMMIT[0m
  [1m[35m (0.1ms)[0m  BEGIN
  [1m[36mOrder Exists (0.1ms)[0m  [1mSELECT  1 AS one FROM "orders" WHERE "orders"."number" = $1 LIMIT 1[0m  [["number", "650174607"]]
  [1m[35mSQL (0.1ms)[0m  INSERT INTO "orders" ("number", "customer_id") VALUES ($1, $2) RETURNING "id"  [["number", "650174607"], ["customer_id", 3]]
  [1m[36m (0.3ms)[0m  [1mCOMMIT[0m
  [1m[35m (0.1ms)[0m  BEGIN
  [1m[36mOrder Exists (0.1ms)[0m  [1mSELECT  1 AS one FROM "orders" WHERE "orders"."number" = $1 LIMIT 1[0m  [["number", "618163900"]]
  [1m[35mSQL (0.1ms)[0m  INSERT INTO "orders" ("number", "customer_id") VALUES ($1, $2) RETURNING "id"  [["number", "618163900"], ["customer_id", 3]]
  [1m[36m (0.3ms)[0m  [1mCOMMIT[0m
  [1m[36mOrder Load (0.3ms)[0m  [1mSELECT "orders".* FROM "orders"[0m
  [1m[36m (2.1ms)[0m  [1mCREATE TABLE "schema_migrations" ("version" character varying NOT NULL) [0m
  [1m[35m (0.7ms)[0m  CREATE UNIQUE INDEX  "unique_schema_migrations" ON "schema_migrations"  ("version")
  [1m[36mActiveRecord::SchemaMigration Load (0.2ms)[0m  [1mSELECT "schema_migrations".* FROM "schema_migrations"[0m
  [1m[36mActiveRecord::SchemaMigration Load (0.2ms)[0m  [1mSELECT "schema_migrations".* FROM "schema_migrations"[0m
Migrating to CreateCustomersTable (20150416220149)
  [1m[35m (0.1ms)[0m  BEGIN
  [1m[36m (3.0ms)[0m  [1mCREATE TABLE "customers_tables" ("id" serial primary key, "email" character varying) [0m
  [1m[35mSQL (0.2ms)[0m  INSERT INTO "schema_migrations" ("version") VALUES ($1)  [["version", "20150416220149"]]
  [1m[36m (0.5ms)[0m  [1mCOMMIT[0m
Migrating to CreateOrdersTable (20150416220337)
  [1m[35m (0.2ms)[0m  BEGIN
  [1m[36m (2.1ms)[0m  [1mCREATE TABLE "orders_tables" ("id" serial primary key, "number" character varying, "customer_id" integer) [0m
  [1m[35mSQL (0.2ms)[0m  INSERT INTO "schema_migrations" ("version") VALUES ($1)  [["version", "20150416220337"]]
  [1m[36m (0.3ms)[0m  [1mCOMMIT[0m
Migrating to CreateNotesTable (20150416231633)
  [1m[35m (0.1ms)[0m  BEGIN
  [1m[36m (1.7ms)[0m  [1mCREATE TABLE "notes_tables" ("id" serial primary key, "message" character varying, "order_id" integer) [0m
  [1m[35mSQL (0.1ms)[0m  INSERT INTO "schema_migrations" ("version") VALUES ($1)  [["version", "20150416231633"]]
  [1m[36m (0.2ms)[0m  [1mCOMMIT[0m
Migrating to ChangeTableNameCustomer (20150416234234)
  [1m[35m (0.2ms)[0m  BEGIN
  [1m[36m (0.2ms)[0m  [1mALTER TABLE "customers_tables" RENAME TO "customers"[0m
  [1m[35m (0.1ms)[0m  ALTER TABLE "public"."customers_tables_id_seq" RENAME TO "customers_id_seq"
  [1m[36m (0.1ms)[0m  [1mALTER INDEX "customers_tables_pkey" RENAME TO "customers_pkey"[0m
  [1m[35mSQL (0.1ms)[0m  INSERT INTO "schema_migrations" ("version") VALUES ($1)  [["version", "20150416234234"]]
  [1m[36m (0.2ms)[0m  [1mCOMMIT[0m
Migrating to ChangeTableNameOrder (20150416234409)
  [1m[35m (0.1ms)[0m  BEGIN
  [1m[36m (0.2ms)[0m  [1mALTER TABLE "orders_tables" RENAME TO "orders"[0m
  [1m[35m (0.1ms)[0m  ALTER TABLE "public"."orders_tables_id_seq" RENAME TO "orders_id_seq"
  [1m[36m (0.1ms)[0m  [1mALTER INDEX "orders_tables_pkey" RENAME TO "orders_pkey"[0m
  [1m[35mSQL (0.1ms)[0m  INSERT INTO "schema_migrations" ("version") VALUES ($1)  [["version", "20150416234409"]]
  [1m[36m (0.3ms)[0m  [1mCOMMIT[0m
Migrating to ChangeTableNameNote (20150416234509)
  [1m[35m (0.1ms)[0m  BEGIN
  [1m[36m (0.2ms)[0m  [1mALTER TABLE "notes_tables" RENAME TO "notes"[0m
  [1m[35m (0.2ms)[0m  ALTER TABLE "public"."notes_tables_id_seq" RENAME TO "notes_id_seq"
  [1m[36m (0.2ms)[0m  [1mALTER INDEX "notes_tables_pkey" RENAME TO "notes_pkey"[0m
  [1m[35mSQL (0.1ms)[0m  INSERT INTO "schema_migrations" ("version") VALUES ($1)  [["version", "20150416234509"]]
  [1m[36m (0.3ms)[0m  [1mCOMMIT[0m
Migrating to AddCustomerIdColumnToNoteTable (20150417004931)
  [1m[35m (0.1ms)[0m  BEGIN
  [1m[36m (0.2ms)[0m  [1mALTER TABLE "notes" ADD "customer_id" character varying[0m
  [1m[35mSQL (0.1ms)[0m  INSERT INTO "schema_migrations" ("version") VALUES ($1)  [["version", "20150417004931"]]
  [1m[36m (0.2ms)[0m  [1mCOMMIT[0m
  [1m[35mActiveRecord::SchemaMigration Load (0.1ms)[0m  SELECT "schema_migrations".* FROM "schema_migrations"
  [1m[36m (1.5ms)[0m  [1mSELECT t2.oid::regclass::text AS to_table, a1.attname AS column, a2.attname AS primary_key, c.conname AS name, c.confupdtype AS on_update, c.confdeltype AS on_delete
FROM pg_constraint c
JOIN pg_class t1 ON c.conrelid = t1.oid
JOIN pg_class t2 ON c.confrelid = t2.oid
JOIN pg_attribute a1 ON a1.attnum = c.conkey[1] AND a1.attrelid = t1.oid
JOIN pg_attribute a2 ON a2.attnum = c.confkey[1] AND a2.attrelid = t2.oid
JOIN pg_namespace t3 ON c.connamespace = t3.oid
WHERE c.contype = 'f'
  AND t1.relname = 'customers'
  AND t3.nspname = ANY (current_schemas(false))
ORDER BY c.conname
[0m
  [1m[35m (1.1ms)[0m  SELECT t2.oid::regclass::text AS to_table, a1.attname AS column, a2.attname AS primary_key, c.conname AS name, c.confupdtype AS on_update, c.confdeltype AS on_delete
FROM pg_constraint c
JOIN pg_class t1 ON c.conrelid = t1.oid
JOIN pg_class t2 ON c.confrelid = t2.oid
JOIN pg_attribute a1 ON a1.attnum = c.conkey[1] AND a1.attrelid = t1.oid
JOIN pg_attribute a2 ON a2.attnum = c.confkey[1] AND a2.attrelid = t2.oid
JOIN pg_namespace t3 ON c.connamespace = t3.oid
WHERE c.contype = 'f'
  AND t1.relname = 'notes'
  AND t3.nspname = ANY (current_schemas(false))
ORDER BY c.conname

  [1m[36m (2.2ms)[0m  [1mSELECT t2.oid::regclass::text AS to_table, a1.attname AS column, a2.attname AS primary_key, c.conname AS name, c.confupdtype AS on_update, c.confdeltype AS on_delete
FROM pg_constraint c
JOIN pg_class t1 ON c.conrelid = t1.oid
JOIN pg_class t2 ON c.confrelid = t2.oid
JOIN pg_attribute a1 ON a1.attnum = c.conkey[1] AND a1.attrelid = t1.oid
JOIN pg_attribute a2 ON a2.attnum = c.confkey[1] AND a2.attrelid = t2.oid
JOIN pg_namespace t3 ON c.connamespace = t3.oid
WHERE c.contype = 'f'
  AND t1.relname = 'orders'
  AND t3.nspname = ANY (current_schemas(false))
ORDER BY c.conname
[0m
  [1m[36mActiveRecord::SchemaMigration Load (0.2ms)[0m  [1mSELECT "schema_migrations".* FROM "schema_migrations"[0m
  [1m[35m (0.1ms)[0m  BEGIN
  [1m[36mSQL (0.4ms)[0m  [1mINSERT INTO "customers" ("email") VALUES ($1) RETURNING "id"[0m  [["email", "hello@hello.com"]]
  [1m[35m (0.4ms)[0m  COMMIT
  [1m[36m (0.0ms)[0m  [1mBEGIN[0m
  [1m[35mSQL (0.1ms)[0m  INSERT INTO "customers" ("email") VALUES ($1) RETURNING "id"  [["email", "byebye@hello.com"]]
  [1m[36m (0.2ms)[0m  [1mCOMMIT[0m
  [1m[35m (0.0ms)[0m  BEGIN
  [1m[36mSQL (0.1ms)[0m  [1mINSERT INTO "customers" ("email") VALUES ($1) RETURNING "id"[0m  [["email", "weee@hello.com"]]
  [1m[35m (0.2ms)[0m  COMMIT
  [1m[36m (0.1ms)[0m  [1mBEGIN[0m
  [1m[35mSQL (0.3ms)[0m  INSERT INTO "notes" ("message", "order_id") VALUES ($1, $2) RETURNING "id"  [["message", "hello hello heoihfheofef eihfief "], ["order_id", 1]]
  [1m[36m (0.3ms)[0m  [1mCOMMIT[0m
  [1m[35m (0.1ms)[0m  BEGIN
  [1m[36mSQL (0.1ms)[0m  [1mINSERT INTO "notes" ("message", "order_id") VALUES ($1, $2) RETURNING "id"[0m  [["message", "hello hello heoihfheofef eihfief "], ["order_id", 2]]
  [1m[35m (0.3ms)[0m  COMMIT
  [1m[36m (0.1ms)[0m  [1mBEGIN[0m
  [1m[35mSQL (0.1ms)[0m  INSERT INTO "notes" ("message", "order_id") VALUES ($1, $2) RETURNING "id"  [["message", "hello hello heoihfheofef eihfief "], ["order_id", 3]]
  [1m[36m (0.3ms)[0m  [1mCOMMIT[0m
  [1m[35m (0.1ms)[0m  BEGIN
  [1m[36mSQL (0.1ms)[0m  [1mINSERT INTO "notes" ("message", "order_id") VALUES ($1, $2) RETURNING "id"[0m  [["message", "hello hello heoihfheofef eihfief "], ["order_id", 4]]
  [1m[35m (0.3ms)[0m  COMMIT
  [1m[36m (0.1ms)[0m  [1mBEGIN[0m
  [1m[35mSQL (0.1ms)[0m  INSERT INTO "notes" ("message", "order_id") VALUES ($1, $2) RETURNING "id"  [["message", "hello hello heoihfheofef eihfief "], ["order_id", 5]]
  [1m[36m (0.3ms)[0m  [1mCOMMIT[0m
  [1m[35m (0.1ms)[0m  BEGIN
  [1m[36mOrder Exists (0.2ms)[0m  [1mSELECT  1 AS one FROM "orders" WHERE "orders"."number" = $1 LIMIT 1[0m  [["number", "R737790749"]]
  [1m[35mSQL (0.2ms)[0m  INSERT INTO "orders" ("number", "customer_id") VALUES ($1, $2) RETURNING "id"  [["number", "R737790749"], ["customer_id", 1]]
  [1m[36m (0.2ms)[0m  [1mCOMMIT[0m
  [1m[35m (0.1ms)[0m  BEGIN
  [1m[36mOrder Exists (0.2ms)[0m  [1mSELECT  1 AS one FROM "orders" WHERE "orders"."number" = $1 LIMIT 1[0m  [["number", "R278930431"]]
  [1m[35mSQL (0.2ms)[0m  INSERT INTO "orders" ("number", "customer_id") VALUES ($1, $2) RETURNING "id"  [["number", "R278930431"], ["customer_id", 1]]
  [1m[36m (0.3ms)[0m  [1mCOMMIT[0m
  [1m[35m (0.1ms)[0m  BEGIN
  [1m[36mOrder Exists (0.1ms)[0m  [1mSELECT  1 AS one FROM "orders" WHERE "orders"."number" = $1 LIMIT 1[0m  [["number", "R790632501"]]
  [1m[35mSQL (0.1ms)[0m  INSERT INTO "orders" ("number", "customer_id") VALUES ($1, $2) RETURNING "id"  [["number", "R790632501"], ["customer_id", 2]]
  [1m[36m (0.3ms)[0m  [1mCOMMIT[0m
  [1m[35m (0.0ms)[0m  BEGIN
  [1m[36mOrder Exists (0.1ms)[0m  [1mSELECT  1 AS one FROM "orders" WHERE "orders"."number" = $1 LIMIT 1[0m  [["number", "R681324122"]]
  [1m[35mSQL (0.1ms)[0m  INSERT INTO "orders" ("number", "customer_id") VALUES ($1, $2) RETURNING "id"  [["number", "R681324122"], ["customer_id", 2]]
  [1m[36m (0.3ms)[0m  [1mCOMMIT[0m
  [1m[35m (0.1ms)[0m  BEGIN
  [1m[36mOrder Exists (0.1ms)[0m  [1mSELECT  1 AS one FROM "orders" WHERE "orders"."number" = $1 LIMIT 1[0m  [["number", "R180140050"]]
  [1m[35mSQL (0.1ms)[0m  INSERT INTO "orders" ("number", "customer_id") VALUES ($1, $2) RETURNING "id"  [["number", "R180140050"], ["customer_id", 3]]
  [1m[36m (0.3ms)[0m  [1mCOMMIT[0m
  [1m[35m (0.1ms)[0m  BEGIN
  [1m[36mOrder Exists (0.1ms)[0m  [1mSELECT  1 AS one FROM "orders" WHERE "orders"."number" = $1 LIMIT 1[0m  [["number", "R624649630"]]
  [1m[35mSQL (0.1ms)[0m  INSERT INTO "orders" ("number", "customer_id") VALUES ($1, $2) RETURNING "id"  [["number", "R624649630"], ["customer_id", 3]]
  [1m[36m (0.3ms)[0m  [1mCOMMIT[0m
  [1m[36mOrder Load (0.3ms)[0m  [1mSELECT "orders".* FROM "orders"[0m
  [1m[36mOrder Load (0.2ms)[0m  [1mSELECT "orders".* FROM "orders"[0m
  [1m[35mCustomer Load (0.4ms)[0m  SELECT  "customers".* FROM "customers"  ORDER BY "customers"."id" ASC LIMIT 1
  [1m[36mNote Load (0.3ms)[0m  [1mSELECT "notes".* FROM "notes"[0m
  [1m[35mCustomer Load (0.4ms)[0m  SELECT  "customers".* FROM "customers"  ORDER BY "customers"."id" ASC LIMIT 1
  [1m[36mOrder Load (0.2ms)[0m  [1mSELECT "orders".* FROM "orders" WHERE "orders"."customer_id" = $1[0m  [["customer_id", 1]]
  [1m[35mNote Load (0.3ms)[0m  SELECT "notes".* FROM "notes" WHERE "notes"."customer_id" = $1  [["customer_id", "1"]]
